{"C:\\Users\\Александр\\Desktop\\CourseWorkCalc\\vite-project\\src\\InputNum.jsx": {"path":"C:\\Users\\Александр\\Desktop\\CourseWorkCalc\\vite-project\\src\\InputNum.jsx","statementMap":{"0":{"start":{"line":8,"column":30},"end":{"line":16,"column":5}},"1":{"start":{"line":19,"column":21},"end":{"line":19,"column":34}},"2":{"start":{"line":20,"column":42},"end":{"line":20,"column":77}},"3":{"start":{"line":21,"column":30},"end":{"line":21,"column":44}},"4":{"start":{"line":22,"column":26},"end":{"line":22,"column":38}},"5":{"start":{"line":24,"column":36},"end":{"line":32,"column":6}},"6":{"start":{"line":34,"column":24},"end":{"line":59,"column":1}},"7":{"start":{"line":35,"column":24},"end":{"line":35,"column":43}},"8":{"start":{"line":36,"column":4},"end":{"line":36,"column":26}},"9":{"start":{"line":37,"column":14},"end":{"line":37,"column":47}},"10":{"start":{"line":39,"column":4},"end":{"line":41,"column":22}},"11":{"start":{"line":40,"column":8},"end":{"line":40,"column":48}},"12":{"start":{"line":43,"column":21},"end":{"line":43,"column":50}},"13":{"start":{"line":44,"column":21},"end":{"line":44,"column":66}},"14":{"start":{"line":45,"column":15},"end":{"line":45,"column":63}},"15":{"start":{"line":46,"column":14},"end":{"line":46,"column":62}},"16":{"start":{"line":47,"column":18},"end":{"line":47,"column":37}},"17":{"start":{"line":48,"column":14},"end":{"line":48,"column":61}},"18":{"start":{"line":50,"column":4},"end":{"line":58,"column":7}},"19":{"start":{"line":62,"column":25},"end":{"line":70,"column":1}},"20":{"start":{"line":63,"column":28},"end":{"line":63,"column":36}},"21":{"start":{"line":65,"column":4},"end":{"line":69,"column":8}},"22":{"start":{"line":65,"column":25},"end":{"line":69,"column":5}},"23":{"start":{"line":72,"column":22},"end":{"line":99,"column":5}},"24":{"start":{"line":73,"column":8},"end":{"line":73,"column":39}},"25":{"start":{"line":74,"column":8},"end":{"line":74,"column":23}},"26":{"start":{"line":75,"column":18},"end":{"line":75,"column":37}},"27":{"start":{"line":76,"column":25},"end":{"line":76,"column":51}},"28":{"start":{"line":77,"column":25},"end":{"line":77,"column":51}},"29":{"start":{"line":78,"column":23},"end":{"line":78,"column":25}},"30":{"start":{"line":79,"column":8},"end":{"line":85,"column":9}},"31":{"start":{"line":79,"column":21},"end":{"line":79,"column":22}},"32":{"start":{"line":80,"column":12},"end":{"line":80,"column":27}},"33":{"start":{"line":81,"column":12},"end":{"line":84,"column":13}},"34":{"start":{"line":81,"column":25},"end":{"line":81,"column":26}},"35":{"start":{"line":82,"column":36},"end":{"line":82,"column":84}},"36":{"start":{"line":83,"column":16},"end":{"line":83,"column":66}},"37":{"start":{"line":88,"column":23},"end":{"line":88,"column":25}},"38":{"start":{"line":89,"column":8},"end":{"line":89,"column":22}},"39":{"start":{"line":90,"column":8},"end":{"line":90,"column":22}},"40":{"start":{"line":91,"column":8},"end":{"line":93,"column":9}},"41":{"start":{"line":91,"column":21},"end":{"line":91,"column":22}},"42":{"start":{"line":92,"column":12},"end":{"line":92,"column":50}},"43":{"start":{"line":96,"column":8},"end":{"line":96,"column":58}},"44":{"start":{"line":98,"column":8},"end":{"line":98,"column":31}},"45":{"start":{"line":102,"column":29},"end":{"line":137,"column":1}},"46":{"start":{"line":104,"column":8},"end":{"line":104,"column":81}},"47":{"start":{"line":106,"column":8},"end":{"line":112,"column":5}},"48":{"start":{"line":107,"column":8},"end":{"line":110,"column":11}},"49":{"start":{"line":111,"column":8},"end":{"line":111,"column":15}},"50":{"start":{"line":114,"column":22},"end":{"line":117,"column":5}},"51":{"start":{"line":119,"column":18},"end":{"line":119,"column":80}},"52":{"start":{"line":120,"column":18},"end":{"line":120,"column":80}},"53":{"start":{"line":122,"column":26},"end":{"line":122,"column":47}},"54":{"start":{"line":123,"column":8},"end":{"line":123,"column":34}},"55":{"start":{"line":125,"column":4},"end":{"line":125,"column":50}},"56":{"start":{"line":127,"column":0},"end":{"line":134,"column":9}},"57":{"start":{"line":128,"column":12},"end":{"line":128,"column":57}},"58":{"start":{"line":130,"column":16},"end":{"line":130,"column":51}},"59":{"start":{"line":131,"column":4},"end":{"line":133,"column":12}},"60":{"start":{"line":132,"column":8},"end":{"line":132,"column":26}},"61":{"start":{"line":140,"column":28},"end":{"line":174,"column":86}},"62":{"start":{"line":142,"column":14},"end":{"line":142,"column":50}},"63":{"start":{"line":143,"column":17},"end":{"line":143,"column":47}},"64":{"start":{"line":144,"column":17},"end":{"line":144,"column":47}},"65":{"start":{"line":146,"column":15},"end":{"line":146,"column":39}},"66":{"start":{"line":147,"column":14},"end":{"line":147,"column":37}},"67":{"start":{"line":150,"column":21},"end":{"line":150,"column":23}},"68":{"start":{"line":151,"column":4},"end":{"line":157,"column":5}},"69":{"start":{"line":151,"column":17},"end":{"line":151,"column":18}},"70":{"start":{"line":152,"column":8},"end":{"line":152,"column":25}},"71":{"start":{"line":153,"column":8},"end":{"line":156,"column":9}},"72":{"start":{"line":153,"column":21},"end":{"line":153,"column":22}},"73":{"start":{"line":154,"column":32},"end":{"line":154,"column":68}},"74":{"start":{"line":155,"column":12},"end":{"line":155,"column":64}},"75":{"start":{"line":160,"column":21},"end":{"line":160,"column":23}},"76":{"start":{"line":161,"column":4},"end":{"line":171,"column":1}},"77":{"start":{"line":162,"column":8},"end":{"line":162,"column":24}},"78":{"start":{"line":163,"column":8},"end":{"line":163,"column":24}},"79":{"start":{"line":164,"column":8},"end":{"line":166,"column":9}},"80":{"start":{"line":164,"column":21},"end":{"line":164,"column":22}},"81":{"start":{"line":165,"column":12},"end":{"line":165,"column":56}},"82":{"start":{"line":168,"column":4},"end":{"line":170,"column":5}},"83":{"start":{"line":168,"column":17},"end":{"line":168,"column":18}},"84":{"start":{"line":169,"column":8},"end":{"line":169,"column":58}},"85":{"start":{"line":173,"column":4},"end":{"line":173,"column":49}},"86":{"start":{"line":177,"column":8},"end":{"line":179,"column":34}},"87":{"start":{"line":178,"column":12},"end":{"line":178,"column":50}},"88":{"start":{"line":181,"column":4},"end":{"line":412,"column":10}},"89":{"start":{"line":283,"column":49},"end":{"line":283,"column":84}},"90":{"start":{"line":379,"column":32},"end":{"line":385,"column":38}},"91":{"start":{"line":381,"column":40},"end":{"line":383,"column":46}},"92":{"start":{"line":399,"column":20},"end":{"line":401,"column":26}}},"fnMap":{"0":{"name":"InputNum","decl":{"start":{"line":18,"column":24},"end":{"line":18,"column":32}},"loc":{"start":{"line":18,"column":35},"end":{"line":413,"column":1}},"line":18},"1":{"name":"(anonymous_1)","decl":{"start":{"line":34,"column":24},"end":{"line":34,"column":25}},"loc":{"start":{"line":34,"column":30},"end":{"line":59,"column":1}},"line":34},"2":{"name":"(anonymous_2)","decl":{"start":{"line":62,"column":25},"end":{"line":62,"column":26}},"loc":{"start":{"line":62,"column":32},"end":{"line":70,"column":1}},"line":62},"3":{"name":"(anonymous_3)","decl":{"start":{"line":65,"column":16},"end":{"line":65,"column":17}},"loc":{"start":{"line":65,"column":25},"end":{"line":69,"column":5}},"line":65},"4":{"name":"(anonymous_4)","decl":{"start":{"line":72,"column":22},"end":{"line":72,"column":23}},"loc":{"start":{"line":72,"column":28},"end":{"line":99,"column":5}},"line":72},"5":{"name":"(anonymous_5)","decl":{"start":{"line":102,"column":29},"end":{"line":102,"column":30}},"loc":{"start":{"line":102,"column":35},"end":{"line":137,"column":1}},"line":102},"6":{"name":"(anonymous_6)","decl":{"start":{"line":131,"column":15},"end":{"line":131,"column":16}},"loc":{"start":{"line":131,"column":21},"end":{"line":133,"column":5}},"line":131},"7":{"name":"(anonymous_7)","decl":{"start":{"line":140,"column":40},"end":{"line":140,"column":41}},"loc":{"start":{"line":140,"column":46},"end":{"line":174,"column":1}},"line":140},"8":{"name":"(anonymous_8)","decl":{"start":{"line":177,"column":18},"end":{"line":177,"column":19}},"loc":{"start":{"line":177,"column":24},"end":{"line":179,"column":9}},"line":177},"9":{"name":"(anonymous_9)","decl":{"start":{"line":283,"column":42},"end":{"line":283,"column":43}},"loc":{"start":{"line":283,"column":49},"end":{"line":283,"column":84}},"line":283},"10":{"name":"(anonymous_10)","decl":{"start":{"line":378,"column":47},"end":{"line":378,"column":48}},"loc":{"start":{"line":379,"column":32},"end":{"line":385,"column":38}},"line":379},"11":{"name":"(anonymous_11)","decl":{"start":{"line":380,"column":45},"end":{"line":380,"column":46}},"loc":{"start":{"line":381,"column":40},"end":{"line":383,"column":46}},"line":381},"12":{"name":"(anonymous_12)","decl":{"start":{"line":398,"column":35},"end":{"line":398,"column":36}},"loc":{"start":{"line":399,"column":20},"end":{"line":401,"column":26}},"line":399}},"branchMap":{"0":{"loc":{"start":{"line":68,"column":16},"end":{"line":68,"column":49}},"type":"cond-expr","locations":[{"start":{"line":68,"column":31},"end":{"line":68,"column":33}},{"start":{"line":68,"column":36},"end":{"line":68,"column":49}}],"line":68},"1":{"loc":{"start":{"line":106,"column":8},"end":{"line":112,"column":5}},"type":"if","locations":[{"start":{"line":106,"column":8},"end":{"line":112,"column":5}},{"start":{},"end":{}}],"line":106},"2":{"loc":{"start":{"line":106,"column":12},"end":{"line":106,"column":73}},"type":"binary-expr","locations":[{"start":{"line":106,"column":12},"end":{"line":106,"column":29}},{"start":{"line":106,"column":33},"end":{"line":106,"column":52}},{"start":{"line":106,"column":56},"end":{"line":106,"column":73}}],"line":106},"3":{"loc":{"start":{"line":119,"column":18},"end":{"line":119,"column":80}},"type":"cond-expr","locations":[{"start":{"line":119,"column":41},"end":{"line":119,"column":54}},{"start":{"line":119,"column":57},"end":{"line":119,"column":80}}],"line":119},"4":{"loc":{"start":{"line":120,"column":18},"end":{"line":120,"column":80}},"type":"cond-expr","locations":[{"start":{"line":120,"column":41},"end":{"line":120,"column":54}},{"start":{"line":120,"column":57},"end":{"line":120,"column":80}}],"line":120},"5":{"loc":{"start":{"line":127,"column":0},"end":{"line":134,"column":9}},"type":"if","locations":[{"start":{"line":127,"column":0},"end":{"line":134,"column":9}},{"start":{"line":129,"column":13},"end":{"line":134,"column":9}}],"line":127},"6":{"loc":{"start":{"line":142,"column":23},"end":{"line":142,"column":46}},"type":"binary-expr","locations":[{"start":{"line":142,"column":23},"end":{"line":142,"column":41}},{"start":{"line":142,"column":45},"end":{"line":142,"column":46}}],"line":142},"7":{"loc":{"start":{"line":143,"column":17},"end":{"line":143,"column":47}},"type":"binary-expr","locations":[{"start":{"line":143,"column":17},"end":{"line":143,"column":42}},{"start":{"line":143,"column":46},"end":{"line":143,"column":47}}],"line":143},"8":{"loc":{"start":{"line":144,"column":17},"end":{"line":144,"column":47}},"type":"binary-expr","locations":[{"start":{"line":144,"column":17},"end":{"line":144,"column":42}},{"start":{"line":144,"column":46},"end":{"line":144,"column":47}}],"line":144},"9":{"loc":{"start":{"line":146,"column":15},"end":{"line":146,"column":39}},"type":"binary-expr","locations":[{"start":{"line":146,"column":15},"end":{"line":146,"column":34}},{"start":{"line":146,"column":38},"end":{"line":146,"column":39}}],"line":146},"10":{"loc":{"start":{"line":147,"column":14},"end":{"line":147,"column":37}},"type":"binary-expr","locations":[{"start":{"line":147,"column":14},"end":{"line":147,"column":32}},{"start":{"line":147,"column":36},"end":{"line":147,"column":37}}],"line":147},"11":{"loc":{"start":{"line":161,"column":4},"end":{"line":171,"column":1}},"type":"if","locations":[{"start":{"line":161,"column":4},"end":{"line":171,"column":1}},{"start":{"line":167,"column":11},"end":{"line":171,"column":1}}],"line":161},"12":{"loc":{"start":{"line":321,"column":30},"end":{"line":323,"column":47}},"type":"cond-expr","locations":[{"start":{"line":321,"column":39},"end":{"line":321,"column":61}},{"start":{"line":323,"column":28},"end":{"line":323,"column":47}}],"line":321}},"s":{"0":1,"1":17,"2":17,"3":17,"4":17,"5":17,"6":17,"7":1,"8":1,"9":1,"10":1,"11":1,"12":1,"13":1,"14":1,"15":1,"16":1,"17":1,"18":1,"19":17,"20":3,"21":3,"22":3,"23":17,"24":0,"25":0,"26":0,"27":0,"28":0,"29":0,"30":0,"31":0,"32":0,"33":0,"34":0,"35":0,"36":0,"37":0,"38":0,"39":0,"40":0,"41":0,"42":0,"43":0,"44":0,"45":17,"46":0,"47":0,"48":0,"49":0,"50":0,"51":0,"52":0,"53":0,"54":0,"55":0,"56":0,"57":0,"58":0,"59":0,"60":0,"61":17,"62":8,"63":8,"64":8,"65":8,"66":8,"67":8,"68":8,"69":8,"70":25,"71":25,"72":25,"73":79,"74":79,"75":8,"76":8,"77":3,"78":3,"79":3,"80":3,"81":3,"82":5,"83":5,"84":16,"85":8,"86":17,"87":8,"88":17,"89":3,"90":46,"91":142,"92":46},"f":{"0":17,"1":1,"2":3,"3":3,"4":0,"5":0,"6":0,"7":8,"8":8,"9":3,"10":46,"11":142,"12":46},"b":{"0":[1,2],"1":[0,0],"2":[0,0,0],"3":[0,0],"4":[0,0],"5":[0,0],"6":[8,0],"7":[8,7],"8":[8,0],"9":[8,1],"10":[8,0],"11":[3,5],"12":[10,7]},"_coverageSchema":"1a1c01bbd47fc00a2c39e90264f33305004495a9","hash":"5fc87810ab85d38bd85cd2d2993155995b0315bc"}
,"C:\\Users\\Александр\\Desktop\\CourseWorkCalc\\vite-project\\src\\Test\\sum.js": {"path":"C:\\Users\\Александр\\Desktop\\CourseWorkCalc\\vite-project\\src\\Test\\sum.js","statementMap":{"0":{"start":{"line":2,"column":2},"end":{"line":2,"column":15}},"1":{"start":{"line":4,"column":0},"end":{"line":4,"column":21}}},"fnMap":{"0":{"name":"sum","decl":{"start":{"line":1,"column":9},"end":{"line":1,"column":12}},"loc":{"start":{"line":1,"column":19},"end":{"line":3,"column":1}},"line":1}},"branchMap":{},"s":{"0":1,"1":1},"f":{"0":1},"b":{},"_coverageSchema":"1a1c01bbd47fc00a2c39e90264f33305004495a9","hash":"bc0d8ddb1a5df39f361521ff7dd0cf4da8060bb3"}
,"C:\\Users\\Александр\\Desktop\\CourseWorkCalc\\vite-project\\src\\core\\calculations.js": {"path":"C:\\Users\\Александр\\Desktop\\CourseWorkCalc\\vite-project\\src\\core\\calculations.js","statementMap":{"0":{"start":{"line":2,"column":26},"end":{"line":11,"column":1}},"1":{"start":{"line":3,"column":14},"end":{"line":3,"column":22}},"2":{"start":{"line":4,"column":14},"end":{"line":4,"column":15}},"3":{"start":{"line":5,"column":4},"end":{"line":9,"column":5}},"4":{"start":{"line":6,"column":8},"end":{"line":6,"column":51}},"5":{"start":{"line":6,"column":21},"end":{"line":6,"column":22}},"6":{"start":{"line":6,"column":36},"end":{"line":6,"column":51}},"7":{"start":{"line":8,"column":8},"end":{"line":8,"column":59}},"8":{"start":{"line":8,"column":21},"end":{"line":8,"column":22}},"9":{"start":{"line":8,"column":36},"end":{"line":8,"column":59}},"10":{"start":{"line":10,"column":4},"end":{"line":10,"column":34}},"11":{"start":{"line":14,"column":26},"end":{"line":31,"column":1}},"12":{"start":{"line":15,"column":14},"end":{"line":15,"column":22}},"13":{"start":{"line":16,"column":14},"end":{"line":16,"column":26}},"14":{"start":{"line":17,"column":12},"end":{"line":17,"column":13}},"15":{"start":{"line":19,"column":4},"end":{"line":28,"column":5}},"16":{"start":{"line":19,"column":17},"end":{"line":19,"column":18}},"17":{"start":{"line":20,"column":18},"end":{"line":20,"column":19}},"18":{"start":{"line":21,"column":8},"end":{"line":25,"column":9}},"19":{"start":{"line":21,"column":21},"end":{"line":21,"column":22}},"20":{"start":{"line":22,"column":30},"end":{"line":22,"column":44}},"21":{"start":{"line":23,"column":32},"end":{"line":23,"column":57}},"22":{"start":{"line":24,"column":12},"end":{"line":24,"column":43}},"23":{"start":{"line":26,"column":8},"end":{"line":26,"column":36}},"24":{"start":{"line":27,"column":8},"end":{"line":27,"column":17}},"25":{"start":{"line":30,"column":4},"end":{"line":30,"column":44}},"26":{"start":{"line":30,"column":22},"end":{"line":30,"column":42}},"27":{"start":{"line":33,"column":36},"end":{"line":50,"column":1}},"28":{"start":{"line":34,"column":14},"end":{"line":34,"column":22}},"29":{"start":{"line":35,"column":24},"end":{"line":35,"column":54}},"30":{"start":{"line":36,"column":19},"end":{"line":36,"column":21}},"31":{"start":{"line":37,"column":25},"end":{"line":37,"column":53}},"32":{"start":{"line":40,"column":4},"end":{"line":47,"column":5}},"33":{"start":{"line":40,"column":17},"end":{"line":40,"column":18}},"34":{"start":{"line":41,"column":18},"end":{"line":41,"column":26}},"35":{"start":{"line":42,"column":16},"end":{"line":42,"column":17}},"36":{"start":{"line":43,"column":8},"end":{"line":45,"column":9}},"37":{"start":{"line":43,"column":21},"end":{"line":43,"column":22}},"38":{"start":{"line":44,"column":12},"end":{"line":44,"column":50}},"39":{"start":{"line":46,"column":8},"end":{"line":46,"column":42}},"40":{"start":{"line":49,"column":4},"end":{"line":49,"column":18}},"41":{"start":{"line":51,"column":34},"end":{"line":58,"column":1}},"42":{"start":{"line":52,"column":14},"end":{"line":52,"column":22}},"43":{"start":{"line":54,"column":14},"end":{"line":56,"column":5}},"44":{"start":{"line":55,"column":8},"end":{"line":55,"column":53}},"45":{"start":{"line":55,"column":38},"end":{"line":55,"column":52}},"46":{"start":{"line":57,"column":4},"end":{"line":57,"column":28}},"47":{"start":{"line":59,"column":19},"end":{"line":93,"column":1}},"48":{"start":{"line":60,"column":14},"end":{"line":60,"column":22}},"49":{"start":{"line":61,"column":22},"end":{"line":61,"column":55}},"50":{"start":{"line":61,"column":40},"end":{"line":61,"column":54}},"51":{"start":{"line":64,"column":4},"end":{"line":90,"column":5}},"52":{"start":{"line":64,"column":17},"end":{"line":64,"column":18}},"53":{"start":{"line":66,"column":21},"end":{"line":66,"column":22}},"54":{"start":{"line":67,"column":8},"end":{"line":71,"column":9}},"55":{"start":{"line":67,"column":21},"end":{"line":67,"column":26}},"56":{"start":{"line":68,"column":12},"end":{"line":70,"column":13}},"57":{"start":{"line":69,"column":16},"end":{"line":69,"column":27}},"58":{"start":{"line":72,"column":8},"end":{"line":72,"column":78}},"59":{"start":{"line":75,"column":24},"end":{"line":75,"column":39}},"60":{"start":{"line":76,"column":8},"end":{"line":76,"column":36}},"61":{"start":{"line":76,"column":27},"end":{"line":76,"column":36}},"62":{"start":{"line":77,"column":8},"end":{"line":79,"column":9}},"63":{"start":{"line":77,"column":21},"end":{"line":77,"column":22}},"64":{"start":{"line":78,"column":12},"end":{"line":78,"column":39}},"65":{"start":{"line":82,"column":8},"end":{"line":89,"column":9}},"66":{"start":{"line":82,"column":21},"end":{"line":82,"column":22}},"67":{"start":{"line":83,"column":12},"end":{"line":88,"column":13}},"68":{"start":{"line":84,"column":31},"end":{"line":84,"column":46}},"69":{"start":{"line":85,"column":16},"end":{"line":87,"column":17}},"70":{"start":{"line":85,"column":29},"end":{"line":85,"column":30}},"71":{"start":{"line":86,"column":20},"end":{"line":86,"column":64}},"72":{"start":{"line":92,"column":4},"end":{"line":92,"column":40}},"73":{"start":{"line":92,"column":32},"end":{"line":92,"column":38}},"74":{"start":{"line":95,"column":25},"end":{"line":113,"column":1}},"75":{"start":{"line":96,"column":19},"end":{"line":96,"column":27}},"76":{"start":{"line":97,"column":14},"end":{"line":97,"column":27}},"77":{"start":{"line":98,"column":14},"end":{"line":98,"column":31}},"78":{"start":{"line":100,"column":4},"end":{"line":111,"column":5}},"79":{"start":{"line":101,"column":8},"end":{"line":109,"column":9}},"80":{"start":{"line":101,"column":21},"end":{"line":101,"column":24}},"81":{"start":{"line":102,"column":25},"end":{"line":102,"column":34}},"82":{"start":{"line":103,"column":20},"end":{"line":103,"column":21}},"83":{"start":{"line":104,"column":12},"end":{"line":107,"column":13}},"84":{"start":{"line":105,"column":16},"end":{"line":105,"column":44}},"85":{"start":{"line":106,"column":16},"end":{"line":106,"column":25}},"86":{"start":{"line":108,"column":12},"end":{"line":108,"column":29}},"87":{"start":{"line":110,"column":8},"end":{"line":110,"column":34}},"88":{"start":{"line":112,"column":4},"end":{"line":112,"column":18}},"89":{"start":{"line":115,"column":28},"end":{"line":136,"column":1}},"90":{"start":{"line":116,"column":64},"end":{"line":116,"column":73}},"91":{"start":{"line":118,"column":14},"end":{"line":118,"column":32}},"92":{"start":{"line":119,"column":14},"end":{"line":119,"column":32}},"93":{"start":{"line":121,"column":14},"end":{"line":121,"column":34}},"94":{"start":{"line":122,"column":14},"end":{"line":122,"column":36}},"95":{"start":{"line":123,"column":14},"end":{"line":123,"column":40}},"96":{"start":{"line":124,"column":20},"end":{"line":124,"column":57}},"97":{"start":{"line":126,"column":4},"end":{"line":128,"column":5}},"98":{"start":{"line":127,"column":8},"end":{"line":127,"column":64}},"99":{"start":{"line":130,"column":4},"end":{"line":135,"column":6}}},"fnMap":{"0":{"name":"(anonymous_0)","decl":{"start":{"line":2,"column":26},"end":{"line":2,"column":27}},"loc":{"start":{"line":2,"column":40},"end":{"line":11,"column":1}},"line":2},"1":{"name":"(anonymous_1)","decl":{"start":{"line":14,"column":26},"end":{"line":14,"column":27}},"loc":{"start":{"line":14,"column":42},"end":{"line":31,"column":1}},"line":14},"2":{"name":"(anonymous_2)","decl":{"start":{"line":30,"column":17},"end":{"line":30,"column":18}},"loc":{"start":{"line":30,"column":22},"end":{"line":30,"column":42}},"line":30},"3":{"name":"(anonymous_3)","decl":{"start":{"line":33,"column":36},"end":{"line":33,"column":37}},"loc":{"start":{"line":33,"column":55},"end":{"line":50,"column":1}},"line":33},"4":{"name":"(anonymous_4)","decl":{"start":{"line":51,"column":34},"end":{"line":51,"column":35}},"loc":{"start":{"line":51,"column":41},"end":{"line":58,"column":1}},"line":51},"5":{"name":"(anonymous_5)","decl":{"start":{"line":54,"column":34},"end":{"line":54,"column":35}},"loc":{"start":{"line":55,"column":8},"end":{"line":55,"column":53}},"line":55},"6":{"name":"(anonymous_6)","decl":{"start":{"line":55,"column":28},"end":{"line":55,"column":29}},"loc":{"start":{"line":55,"column":38},"end":{"line":55,"column":52}},"line":55},"7":{"name":"(anonymous_7)","decl":{"start":{"line":59,"column":19},"end":{"line":59,"column":20}},"loc":{"start":{"line":59,"column":29},"end":{"line":93,"column":1}},"line":59},"8":{"name":"(anonymous_8)","decl":{"start":{"line":61,"column":28},"end":{"line":61,"column":29}},"loc":{"start":{"line":61,"column":40},"end":{"line":61,"column":54}},"line":61},"9":{"name":"(anonymous_9)","decl":{"start":{"line":92,"column":25},"end":{"line":92,"column":26}},"loc":{"start":{"line":92,"column":32},"end":{"line":92,"column":38}},"line":92},"10":{"name":"(anonymous_10)","decl":{"start":{"line":95,"column":25},"end":{"line":95,"column":26}},"loc":{"start":{"line":95,"column":34},"end":{"line":113,"column":1}},"line":95},"11":{"name":"(anonymous_11)","decl":{"start":{"line":115,"column":28},"end":{"line":115,"column":29}},"loc":{"start":{"line":115,"column":83},"end":{"line":136,"column":1}},"line":115}},"branchMap":{"0":{"loc":{"start":{"line":5,"column":4},"end":{"line":9,"column":5}},"type":"if","locations":[{"start":{"line":5,"column":4},"end":{"line":9,"column":5}},{"start":{"line":7,"column":11},"end":{"line":9,"column":5}}],"line":5},"1":{"loc":{"start":{"line":33,"column":40},"end":{"line":33,"column":50}},"type":"default-arg","locations":[{"start":{"line":33,"column":47},"end":{"line":33,"column":50}}],"line":33},"2":{"loc":{"start":{"line":68,"column":12},"end":{"line":70,"column":13}},"type":"if","locations":[{"start":{"line":68,"column":12},"end":{"line":70,"column":13}},{"start":{},"end":{}}],"line":68},"3":{"loc":{"start":{"line":76,"column":8},"end":{"line":76,"column":36}},"type":"if","locations":[{"start":{"line":76,"column":8},"end":{"line":76,"column":36}},{"start":{},"end":{}}],"line":76},"4":{"loc":{"start":{"line":83,"column":12},"end":{"line":88,"column":13}},"type":"if","locations":[{"start":{"line":83,"column":12},"end":{"line":88,"column":13}},{"start":{},"end":{}}],"line":83},"5":{"loc":{"start":{"line":83,"column":16},"end":{"line":83,"column":48}},"type":"binary-expr","locations":[{"start":{"line":83,"column":16},"end":{"line":83,"column":23}},{"start":{"line":83,"column":27},"end":{"line":83,"column":48}}],"line":83},"6":{"loc":{"start":{"line":104,"column":19},"end":{"line":104,"column":53}},"type":"binary-expr","locations":[{"start":{"line":104,"column":19},"end":{"line":104,"column":27}},{"start":{"line":104,"column":31},"end":{"line":104,"column":53}}],"line":104},"7":{"loc":{"start":{"line":115,"column":58},"end":{"line":115,"column":78}},"type":"default-arg","locations":[{"start":{"line":115,"column":74},"end":{"line":115,"column":78}}],"line":115},"8":{"loc":{"start":{"line":116,"column":52},"end":{"line":116,"column":59}},"type":"default-arg","locations":[{"start":{"line":116,"column":56},"end":{"line":116,"column":59}}],"line":116},"9":{"loc":{"start":{"line":124,"column":20},"end":{"line":124,"column":57}},"type":"cond-expr","locations":[{"start":{"line":124,"column":36},"end":{"line":124,"column":48}},{"start":{"line":124,"column":51},"end":{"line":124,"column":57}}],"line":124},"10":{"loc":{"start":{"line":126,"column":4},"end":{"line":128,"column":5}},"type":"if","locations":[{"start":{"line":126,"column":4},"end":{"line":128,"column":5}},{"start":{},"end":{}}],"line":126},"11":{"loc":{"start":{"line":126,"column":8},"end":{"line":126,"column":52}},"type":"binary-expr","locations":[{"start":{"line":126,"column":8},"end":{"line":126,"column":28}},{"start":{"line":126,"column":32},"end":{"line":126,"column":52}}],"line":126}},"s":{"0":2,"1":4,"2":4,"3":4,"4":1,"5":1,"6":3,"7":3,"8":3,"9":7,"10":4,"11":2,"12":3,"13":3,"14":3,"15":3,"16":3,"17":6,"18":6,"19":6,"20":12,"21":12,"22":12,"23":6,"24":6,"25":3,"26":6,"27":2,"28":4,"29":4,"30":4,"31":4,"32":4,"33":4,"34":14,"35":14,"36":14,"37":14,"38":36,"39":14,"40":4,"41":2,"42":4,"43":4,"44":10,"45":26,"46":4,"47":2,"48":4,"49":4,"50":10,"51":4,"52":4,"53":10,"54":10,"55":10,"56":8,"57":2,"58":10,"59":10,"60":10,"61":0,"62":10,"63":10,"64":28,"65":10,"66":10,"67":26,"68":10,"69":10,"70":10,"71":32,"72":4,"73":10,"74":2,"75":4,"76":4,"77":4,"78":4,"79":4,"80":4,"81":8,"82":8,"83":8,"84":5,"85":5,"86":8,"87":4,"88":4,"89":2,"90":2,"91":2,"92":2,"93":2,"94":2,"95":2,"96":2,"97":2,"98":0,"99":2},"f":{"0":4,"1":3,"2":6,"3":4,"4":4,"5":10,"6":26,"7":4,"8":10,"9":10,"10":4,"11":2},"b":{"0":[1,3],"1":[0],"2":[2,6],"3":[0,10],"4":[10,16],"5":[26,16],"6":[13,10],"7":[1],"8":[0],"9":[2,0],"10":[0,2],"11":[2,2]},"_coverageSchema":"1a1c01bbd47fc00a2c39e90264f33305004495a9","hash":"b135d394ff00acefda7dc7507405edb312e9f19e"}
,"C:\\Users\\Александр\\Desktop\\CourseWorkCalc\\vite-project\\src\\stores\\DataContext.jsx": {"path":"C:\\Users\\Александр\\Desktop\\CourseWorkCalc\\vite-project\\src\\stores\\DataContext.jsx","statementMap":{"0":{"start":{"line":4,"column":20},"end":{"line":4,"column":39}},"1":{"start":{"line":7,"column":34},"end":{"line":16,"column":6}},"2":{"start":{"line":19,"column":29},"end":{"line":45,"column":5}},"3":{"start":{"line":20,"column":8},"end":{"line":44,"column":11}},"4":{"start":{"line":21,"column":37},"end":{"line":21,"column":56}},"5":{"start":{"line":24,"column":12},"end":{"line":37,"column":13}},"6":{"start":{"line":25,"column":35},"end":{"line":29,"column":17}},"7":{"start":{"line":31,"column":16},"end":{"line":36,"column":18}},"8":{"start":{"line":40,"column":12},"end":{"line":43,"column":14}},"9":{"start":{"line":47,"column":25},"end":{"line":59,"column":5}},"10":{"start":{"line":48,"column":59},"end":{"line":48,"column":63}},"11":{"start":{"line":50,"column":8},"end":{"line":50,"column":61}},"12":{"start":{"line":50,"column":29},"end":{"line":50,"column":61}},"13":{"start":{"line":51,"column":8},"end":{"line":51,"column":83}},"14":{"start":{"line":51,"column":33},"end":{"line":51,"column":83}},"15":{"start":{"line":52,"column":8},"end":{"line":52,"column":63}},"16":{"start":{"line":52,"column":34},"end":{"line":52,"column":63}},"17":{"start":{"line":54,"column":8},"end":{"line":57,"column":9}},"18":{"start":{"line":55,"column":12},"end":{"line":55,"column":68}},"19":{"start":{"line":55,"column":27},"end":{"line":55,"column":68}},"20":{"start":{"line":56,"column":12},"end":{"line":56,"column":62}},"21":{"start":{"line":56,"column":25},"end":{"line":56,"column":62}},"22":{"start":{"line":58,"column":8},"end":{"line":58,"column":20}},"23":{"start":{"line":62,"column":19},"end":{"line":93,"column":1}},"24":{"start":{"line":63,"column":4},"end":{"line":92,"column":7}},"25":{"start":{"line":64,"column":8},"end":{"line":91,"column":9}},"26":{"start":{"line":65,"column":12},"end":{"line":65,"column":34}},"27":{"start":{"line":67,"column":12},"end":{"line":69,"column":13}},"28":{"start":{"line":68,"column":16},"end":{"line":68,"column":72}},"29":{"start":{"line":71,"column":28},"end":{"line":71,"column":87}},"30":{"start":{"line":73,"column":12},"end":{"line":81,"column":14}},"31":{"start":{"line":83,"column":12},"end":{"line":83,"column":53}},"32":{"start":{"line":84,"column":12},"end":{"line":90,"column":14}},"33":{"start":{"line":95,"column":4},"end":{"line":99,"column":6}},"34":{"start":{"line":103,"column":20},"end":{"line":103,"column":43}},"35":{"start":{"line":104,"column":4},"end":{"line":106,"column":5}},"36":{"start":{"line":105,"column":8},"end":{"line":105,"column":71}},"37":{"start":{"line":107,"column":4},"end":{"line":107,"column":19}}},"fnMap":{"0":{"name":"DataProvider","decl":{"start":{"line":6,"column":16},"end":{"line":6,"column":28}},"loc":{"start":{"line":6,"column":43},"end":{"line":100,"column":1}},"line":6},"1":{"name":"(anonymous_1)","decl":{"start":{"line":19,"column":29},"end":{"line":19,"column":30}},"loc":{"start":{"line":19,"column":35},"end":{"line":45,"column":5}},"line":19},"2":{"name":"(anonymous_2)","decl":{"start":{"line":20,"column":19},"end":{"line":20,"column":20}},"loc":{"start":{"line":20,"column":27},"end":{"line":44,"column":9}},"line":20},"3":{"name":"(anonymous_3)","decl":{"start":{"line":47,"column":25},"end":{"line":47,"column":26}},"loc":{"start":{"line":47,"column":35},"end":{"line":59,"column":5}},"line":47},"4":{"name":"(anonymous_4)","decl":{"start":{"line":62,"column":19},"end":{"line":62,"column":20}},"loc":{"start":{"line":62,"column":50},"end":{"line":93,"column":1}},"line":62},"5":{"name":"(anonymous_5)","decl":{"start":{"line":63,"column":15},"end":{"line":63,"column":16}},"loc":{"start":{"line":63,"column":23},"end":{"line":92,"column":5}},"line":63},"6":{"name":"useAppData","decl":{"start":{"line":102,"column":16},"end":{"line":102,"column":26}},"loc":{"start":{"line":102,"column":29},"end":{"line":108,"column":1}},"line":102}},"branchMap":{"0":{"loc":{"start":{"line":24,"column":12},"end":{"line":37,"column":13}},"type":"if","locations":[{"start":{"line":24,"column":12},"end":{"line":37,"column":13}},{"start":{},"end":{}}],"line":24},"1":{"loc":{"start":{"line":24,"column":16},"end":{"line":24,"column":54}},"type":"binary-expr","locations":[{"start":{"line":24,"column":16},"end":{"line":24,"column":29}},{"start":{"line":24,"column":33},"end":{"line":24,"column":54}}],"line":24},"2":{"loc":{"start":{"line":50,"column":8},"end":{"line":50,"column":61}},"type":"if","locations":[{"start":{"line":50,"column":8},"end":{"line":50,"column":61}},{"start":{},"end":{}}],"line":50},"3":{"loc":{"start":{"line":50,"column":12},"end":{"line":50,"column":27}},"type":"binary-expr","locations":[{"start":{"line":50,"column":12},"end":{"line":50,"column":17}},{"start":{"line":50,"column":21},"end":{"line":50,"column":27}}],"line":50},"4":{"loc":{"start":{"line":51,"column":8},"end":{"line":51,"column":83}},"type":"if","locations":[{"start":{"line":51,"column":8},"end":{"line":51,"column":83}},{"start":{},"end":{}}],"line":51},"5":{"loc":{"start":{"line":51,"column":12},"end":{"line":51,"column":31}},"type":"binary-expr","locations":[{"start":{"line":51,"column":12},"end":{"line":51,"column":20}},{"start":{"line":51,"column":24},"end":{"line":51,"column":31}}],"line":51},"6":{"loc":{"start":{"line":52,"column":8},"end":{"line":52,"column":63}},"type":"if","locations":[{"start":{"line":52,"column":8},"end":{"line":52,"column":63}},{"start":{},"end":{}}],"line":52},"7":{"loc":{"start":{"line":54,"column":8},"end":{"line":57,"column":9}},"type":"if","locations":[{"start":{"line":54,"column":8},"end":{"line":57,"column":9}},{"start":{},"end":{}}],"line":54},"8":{"loc":{"start":{"line":55,"column":12},"end":{"line":55,"column":68}},"type":"if","locations":[{"start":{"line":55,"column":12},"end":{"line":55,"column":68}},{"start":{},"end":{}}],"line":55},"9":{"loc":{"start":{"line":56,"column":12},"end":{"line":56,"column":62}},"type":"if","locations":[{"start":{"line":56,"column":12},"end":{"line":56,"column":62}},{"start":{},"end":{}}],"line":56},"10":{"loc":{"start":{"line":67,"column":12},"end":{"line":69,"column":13}},"type":"if","locations":[{"start":{"line":67,"column":12},"end":{"line":69,"column":13}},{"start":{},"end":{}}],"line":67},"11":{"loc":{"start":{"line":67,"column":16},"end":{"line":67,"column":60}},"type":"binary-expr","locations":[{"start":{"line":67,"column":16},"end":{"line":67,"column":36}},{"start":{"line":67,"column":40},"end":{"line":67,"column":60}}],"line":67},"12":{"loc":{"start":{"line":80,"column":29},"end":{"line":80,"column":80}},"type":"binary-expr","locations":[{"start":{"line":80,"column":29},"end":{"line":80,"column":52}},{"start":{"line":80,"column":56},"end":{"line":80,"column":80}}],"line":80},"13":{"loc":{"start":{"line":104,"column":4},"end":{"line":106,"column":5}},"type":"if","locations":[{"start":{"line":104,"column":4},"end":{"line":106,"column":5}},{"start":{},"end":{}}],"line":104}},"s":{"0":1,"1":2,"2":2,"3":0,"4":0,"5":0,"6":0,"7":0,"8":0,"9":2,"10":0,"11":0,"12":0,"13":0,"14":0,"15":0,"16":0,"17":0,"18":0,"19":0,"20":0,"21":0,"22":0,"23":2,"24":0,"25":0,"26":0,"27":0,"28":0,"29":0,"30":0,"31":0,"32":0,"33":2,"34":17,"35":17,"36":0,"37":17},"f":{"0":2,"1":0,"2":0,"3":0,"4":0,"5":0,"6":17},"b":{"0":[0,0],"1":[0,0],"2":[0,0],"3":[0,0],"4":[0,0],"5":[0,0],"6":[0,0],"7":[0,0],"8":[0,0],"9":[0,0],"10":[0,0],"11":[0,0],"12":[0,0],"13":[0,17]},"_coverageSchema":"1a1c01bbd47fc00a2c39e90264f33305004495a9","hash":"f183a16d715dc386c65d1a1b4be48a632513b398"}
}
