TN:
SF:src\InputNum.jsx
FN:18,InputNum
FN:33,(anonymous_1)
FN:61,(anonymous_2)
FN:64,(anonymous_3)
FN:71,(anonymous_4)
FN:101,(anonymous_5)
FN:130,(anonymous_6)
FN:139,(anonymous_7)
FN:176,(anonymous_8)
FN:282,(anonymous_9)
FN:377,(anonymous_10)
FN:379,(anonymous_11)
FN:397,(anonymous_12)
FNF:13
FNH:10
FNDA:17,InputNum
FNDA:1,(anonymous_1)
FNDA:3,(anonymous_2)
FNDA:3,(anonymous_3)
FNDA:0,(anonymous_4)
FNDA:0,(anonymous_5)
FNDA:0,(anonymous_6)
FNDA:8,(anonymous_7)
FNDA:8,(anonymous_8)
FNDA:3,(anonymous_9)
FNDA:46,(anonymous_10)
FNDA:142,(anonymous_11)
FNDA:46,(anonymous_12)
DA:8,1
DA:19,17
DA:20,17
DA:21,17
DA:22,17
DA:24,17
DA:33,17
DA:34,1
DA:35,1
DA:36,1
DA:38,1
DA:39,1
DA:42,1
DA:43,1
DA:44,1
DA:45,1
DA:46,1
DA:47,1
DA:49,1
DA:61,17
DA:62,3
DA:64,3
DA:71,17
DA:72,0
DA:73,0
DA:74,0
DA:75,0
DA:76,0
DA:77,0
DA:78,0
DA:79,0
DA:80,0
DA:81,0
DA:82,0
DA:87,0
DA:88,0
DA:89,0
DA:90,0
DA:91,0
DA:95,0
DA:97,0
DA:101,17
DA:103,0
DA:105,0
DA:106,0
DA:110,0
DA:113,0
DA:118,0
DA:119,0
DA:121,0
DA:122,0
DA:124,0
DA:126,0
DA:127,0
DA:129,0
DA:130,0
DA:131,0
DA:139,17
DA:141,8
DA:142,8
DA:143,8
DA:145,8
DA:146,8
DA:149,8
DA:150,8
DA:151,25
DA:152,25
DA:153,79
DA:154,79
DA:159,8
DA:160,8
DA:161,4
DA:162,4
DA:163,4
DA:164,5
DA:167,4
DA:168,12
DA:172,8
DA:176,17
DA:177,8
DA:180,17
DA:282,3
DA:378,46
DA:380,142
DA:398,46
LF:85
LH:52
BRDA:67,0,0,1
BRDA:67,0,1,2
BRDA:105,1,0,0
BRDA:105,1,1,0
BRDA:105,2,0,0
BRDA:105,2,1,0
BRDA:105,2,2,0
BRDA:118,3,0,0
BRDA:118,3,1,0
BRDA:119,4,0,0
BRDA:119,4,1,0
BRDA:126,5,0,0
BRDA:126,5,1,0
BRDA:141,6,0,8
BRDA:141,6,1,0
BRDA:142,7,0,8
BRDA:142,7,1,7
BRDA:143,8,0,8
BRDA:143,8,1,0
BRDA:145,9,0,8
BRDA:145,9,1,1
BRDA:146,10,0,8
BRDA:146,10,1,0
BRDA:160,11,0,4
BRDA:160,11,1,4
BRDA:320,12,0,8
BRDA:320,12,1,9
BRF:27
BRH:13
end_of_record
TN:
SF:src\Test\sum.js
FN:1,sum
FNF:1
FNH:1
FNDA:1,sum
DA:2,1
DA:4,1
LF:2
LH:2
BRF:0
BRH:0
end_of_record
TN:
SF:src\core\calculations.js
FN:2,(anonymous_0)
FN:14,(anonymous_1)
FN:30,(anonymous_2)
FN:33,(anonymous_3)
FN:51,(anonymous_4)
FN:54,(anonymous_5)
FN:55,(anonymous_6)
FN:59,(anonymous_7)
FN:61,(anonymous_8)
FN:92,(anonymous_9)
FN:95,(anonymous_10)
FN:115,(anonymous_11)
FNF:12
FNH:12
FNDA:4,(anonymous_0)
FNDA:3,(anonymous_1)
FNDA:6,(anonymous_2)
FNDA:4,(anonymous_3)
FNDA:4,(anonymous_4)
FNDA:10,(anonymous_5)
FNDA:26,(anonymous_6)
FNDA:4,(anonymous_7)
FNDA:10,(anonymous_8)
FNDA:10,(anonymous_9)
FNDA:4,(anonymous_10)
FNDA:2,(anonymous_11)
DA:2,2
DA:3,4
DA:4,4
DA:5,4
DA:6,3
DA:8,7
DA:10,4
DA:14,2
DA:15,3
DA:16,3
DA:17,3
DA:19,3
DA:20,6
DA:21,6
DA:22,12
DA:23,12
DA:24,12
DA:26,6
DA:27,6
DA:30,6
DA:33,2
DA:34,4
DA:35,4
DA:36,4
DA:37,4
DA:40,4
DA:41,14
DA:42,14
DA:43,14
DA:44,36
DA:46,14
DA:49,4
DA:51,2
DA:52,4
DA:54,4
DA:55,26
DA:57,4
DA:59,2
DA:60,4
DA:61,10
DA:64,4
DA:66,10
DA:67,10
DA:68,8
DA:69,2
DA:72,10
DA:75,10
DA:76,10
DA:77,10
DA:78,28
DA:82,10
DA:83,26
DA:84,10
DA:85,10
DA:86,32
DA:92,10
DA:95,2
DA:96,4
DA:97,4
DA:98,4
DA:100,4
DA:101,4
DA:102,8
DA:103,8
DA:104,8
DA:105,5
DA:106,5
DA:108,8
DA:110,4
DA:112,4
DA:115,2
DA:116,2
DA:118,2
DA:119,2
DA:121,2
DA:122,2
DA:123,2
DA:124,2
DA:126,2
DA:127,0
DA:130,2
LF:81
LH:80
BRDA:5,0,0,1
BRDA:5,0,1,3
BRDA:33,1,0,0
BRDA:68,2,0,2
BRDA:68,2,1,6
BRDA:76,3,0,0
BRDA:76,3,1,10
BRDA:83,4,0,10
BRDA:83,4,1,16
BRDA:83,5,0,26
BRDA:83,5,1,16
BRDA:104,6,0,13
BRDA:104,6,1,10
BRDA:115,7,0,1
BRDA:116,8,0,0
BRDA:124,9,0,2
BRDA:124,9,1,0
BRDA:126,10,0,0
BRDA:126,10,1,2
BRDA:126,11,0,2
BRDA:126,11,1,2
BRF:21
BRH:16
end_of_record
TN:
SF:src\stores\DataContext.jsx
FN:6,DataProvider
FN:19,(anonymous_1)
FN:20,(anonymous_2)
FN:47,(anonymous_3)
FN:62,(anonymous_4)
FN:71,(anonymous_5)
FN:86,(anonymous_6)
FN:103,useAppData
FNF:8
FNH:2
FNDA:2,DataProvider
FNDA:0,(anonymous_1)
FNDA:0,(anonymous_2)
FNDA:0,(anonymous_3)
FNDA:0,(anonymous_4)
FNDA:0,(anonymous_5)
FNDA:0,(anonymous_6)
FNDA:17,useAppData
DA:4,1
DA:7,2
DA:19,2
DA:20,0
DA:21,0
DA:24,0
DA:25,0
DA:31,0
DA:40,0
DA:47,2
DA:48,0
DA:50,0
DA:51,0
DA:52,0
DA:54,0
DA:55,0
DA:56,0
DA:58,0
DA:62,2
DA:63,0
DA:64,0
DA:67,0
DA:68,0
DA:71,0
DA:72,0
DA:73,0
DA:85,0
DA:86,0
DA:96,2
DA:104,17
DA:105,17
DA:106,0
DA:108,17
LF:33
LH:9
BRDA:24,0,0,0
BRDA:24,0,1,0
BRDA:24,1,0,0
BRDA:24,1,1,0
BRDA:50,2,0,0
BRDA:50,2,1,0
BRDA:50,3,0,0
BRDA:50,3,1,0
BRDA:51,4,0,0
BRDA:51,4,1,0
BRDA:51,5,0,0
BRDA:51,5,1,0
BRDA:52,6,0,0
BRDA:52,6,1,0
BRDA:54,7,0,0
BRDA:54,7,1,0
BRDA:55,8,0,0
BRDA:55,8,1,0
BRDA:56,9,0,0
BRDA:56,9,1,0
BRDA:67,10,0,0
BRDA:67,10,1,0
BRDA:67,11,0,0
BRDA:67,11,1,0
BRDA:81,12,0,0
BRDA:81,12,1,0
BRDA:105,13,0,0
BRDA:105,13,1,17
BRF:28
BRH:1
end_of_record
